0:0:0:0:0:FFFF:C0A8:101 - - [20/Sep/2010:10:50:08 -0600] "GET / HTTP/1.1" 200 2240
0:0:0:0:0:FFFF:C0A8:101 - - [20/Sep/2010:10:50:08 -0600] "GET /client.js HTTP/1.1" 200 3198
0:0:0:0:0:FFFF:C0A8:101 - - [20/Sep/2010:10:50:08 -0600] "GET /game.js HTTP/1.1" 200 225
0:0:0:0:0:FFFF:C0A8:101 - - [20/Sep/2010:10:50:08 -0600] "GET /style.css HTTP/1.1" 200 2492
0:0:0:0:0:FFFF:C0A8:101 - - [20/Sep/2010:10:50:08 -0600] "GET /text.js HTTP/1.1" 200 1888
0:0:0:0:0:FFFF:C0A8:101 - - [20/Sep/2010:10:50:08 -0600] "GET /main.js HTTP/1.1" 200 1833
0:0:0:0:0:FFFF:C0A8:101 - - [20/Sep/2010:10:50:08 -0600] "GET /dom.js HTTP/1.1" 200 1049
0:0:0:0:0:FFFF:C0A8:101 - - [20/Sep/2010:10:50:08 -0600] "GET /cache.manifest HTTP/1.1" 200 114
0:0:0:0:0:FFFF:C0A8:101 - - [20/Sep/2010:10:50:09 -0600] "GET /favicon.ico HTTP/1.1" 200 4286
0:0:0:0:0:FFFF:AE7C:87B7 - - [20/Sep/2010:10:50:32 -0600] "GET / HTTP/1.1" 200 2240
0:0:0:0:0:FFFF:AE7C:87B7 - - [20/Sep/2010:10:50:33 -0600] "GET /style.css HTTP/1.1" 200 2492
0:0:0:0:0:FFFF:AE7C:87B7 - - [20/Sep/2010:10:50:33 -0600] "GET /dom.js HTTP/1.1" 200 1049
0:0:0:0:0:FFFF:AE7C:87B7 - - [20/Sep/2010:10:50:33 -0600] "GET /text.js HTTP/1.1" 200 1888
0:0:0:0:0:FFFF:AE7C:87B7 - - [20/Sep/2010:10:50:33 -0600] "GET /game.js HTTP/1.1" 200 225
0:0:0:0:0:FFFF:AE7C:87B7 - - [20/Sep/2010:10:50:33 -0600] "GET /client.js HTTP/1.1" 200 3198
0:0:0:0:0:FFFF:AE7C:87B7 - - [20/Sep/2010:10:50:33 -0600] "GET /main.js HTTP/1.1" 200 1833
0:0:0:0:0:FFFF:AE7C:87B7 - - [20/Sep/2010:10:50:34 -0600] "GET /game.svg HTTP/1.1" 200 707
0:0:0:0:0:FFFF:AE7C:87B7 - - [20/Sep/2010:10:50:34 -0600] "GET /favicon.ico HTTP/1.1" 200 4286
0:0:0:0:0:FFFF:BCDF:C951 - - [20/Sep/2010:12:20:57 -0600] "GET / HTTP/1.1" 200 2240
0:0:0:0:0:FFFF:BCDF:C951 - - [20/Sep/2010:12:20:58 -0600] "GET /style.css HTTP/1.1" 200 2492
0:0:0:0:0:FFFF:BCDF:C951 - - [20/Sep/2010:12:20:59 -0600] "GET /dom.js HTTP/1.1" 200 1049
0:0:0:0:0:FFFF:BCDF:C951 - - [20/Sep/2010:12:20:59 -0600] "GET /main.js HTTP/1.1" 200 1833
0:0:0:0:0:FFFF:BCDF:C951 - - [20/Sep/2010:12:21:01 -0600] "GET /text.js HTTP/1.1" 200 1888
0:0:0:0:0:FFFF:BCDF:C951 - - [20/Sep/2010:12:21:02 -0600] "GET /game.js HTTP/1.1" 200 225
0:0:0:0:0:FFFF:BCDF:C951 - - [20/Sep/2010:12:21:02 -0600] "GET /client.js HTTP/1.1" 200 3198
0:0:0:0:0:FFFF:BCDF:C951 - - [20/Sep/2010:12:21:03 -0600] "GET /game.svg HTTP/1.1" 200 707
0:0:0:0:0:FFFF:BCDF:C951 - - [20/Sep/2010:12:21:04 -0600] "GET /favicon.ico HTTP/1.1" 200 4286
0:0:0:0:0:0:0:1 - - [20/Sep/2010:18:40:43 -0600] "GET /game HTTP/1.1" 200 238
0:0:0:0:0:FFFF:7F00:1 - - [20/Sep/2010:18:41:21 -0600] "GET /game/ HTTP/1.1" 200 371
0:0:0:0:0:FFFF:7F00:1 - - [20/Sep/2010:18:41:28 -0600] "GET /game/ HTTP/1.1" 200 371
0:0:0:0:0:FFFF:7F00:1 - - [20/Sep/2010:18:41:32 -0600] "GET /game/ HTTP/1.1" 200 371
0:0:0:0:0:FFFF:7F00:1 - - [20/Sep/2010:18:41:33 -0600] "GET /game/ HTTP/1.1" 200 371
0:0:0:0:0:FFFF:7F00:1 - - [20/Sep/2010:18:41:33 -0600] "GET /favicon.ico HTTP/1.1" 200 4286
0:0:0:0:0:FFFF:7F00:1 - - [20/Sep/2010:18:44:11 -0600] "GET /game/ HTTP/1.1" 200 371
0:0:0:0:0:FFFF:7F00:1 - dev [20/Sep/2010:18:44:16 -0600] "GET /game/ HTTP/1.1" 200 55
0:0:0:0:0:FFFF:55BE:3 - - [20/Sep/2010:19:32:37 -0600] "POST http://vlad-tepes.bofh.it/proxy.txt HTTP/1.0" 200 0
0:0:0:0:0:FFFF:55BE:3 - - [20/Sep/2010:19:32:37 -0600] "GET http://vlad-tepes.bofh.it/proxy.txt HTTP/1.0" 404 0
0:0:0:0:0:FFFF:55BE:3 - - [20/Sep/2010:19:32:37 -0600] "GET http://vlad-tepes.bofh.it/proxy.txt HTTP/1.0" 404 0
0:0:0:0:0:FFFF:C0A8:101 - - [21/Sep/2010:00:21:59 -0600] "GET / HTTP/1.1" 200 2240
0:0:0:0:0:FFFF:C0A8:101 - - [21/Sep/2010:00:21:59 -0600] "GET /main.js HTTP/1.1" 200 1833
0:0:0:0:0:FFFF:C0A8:101 - - [21/Sep/2010:00:21:59 -0600] "GET /dom.js HTTP/1.1" 200 1049
0:0:0:0:0:FFFF:C0A8:101 - - [21/Sep/2010:00:21:59 -0600] "GET /style.css HTTP/1.1" 200 2492
0:0:0:0:0:FFFF:C0A8:101 - - [21/Sep/2010:00:21:59 -0600] "GET /text.js HTTP/1.1" 200 1888
0:0:0:0:0:FFFF:C0A8:101 - - [21/Sep/2010:00:21:59 -0600] "GET /client.js HTTP/1.1" 200 3198
0:0:0:0:0:FFFF:C0A8:101 - - [21/Sep/2010:00:21:59 -0600] "GET /cache.manifest HTTP/1.1" 200 114
0:0:0:0:0:FFFF:C0A8:101 - - [21/Sep/2010:00:21:59 -0600] "GET /game.js HTTP/1.1" 200 225
0:0:0:0:0:FFFF:C0A8:101 - - [21/Sep/2010:00:21:59 -0600] "GET /favicon.ico HTTP/1.1" 200 4286
0:0:0:0:0:0:0:1 - - [21/Sep/2010:02:17:50 -0600] "GET / HTTP/1.1" 200 2240
0:0:0:0:0:0:0:1 - - [21/Sep/2010:02:17:50 -0600] "GET /style.css HTTP/1.1" 200 2492
0:0:0:0:0:0:0:1 - - [21/Sep/2010:02:17:50 -0600] "GET /client.js HTTP/1.1" 200 3198
0:0:0:0:0:0:0:1 - - [21/Sep/2010:02:17:50 -0600] "GET /cache.manifest HTTP/1.1" 200 114
0:0:0:0:0:0:0:1 - - [21/Sep/2010:02:17:50 -0600] "GET /text.js HTTP/1.1" 200 1888
0:0:0:0:0:0:0:1 - - [21/Sep/2010:02:17:50 -0600] "GET /game.js HTTP/1.1" 200 225
0:0:0:0:0:0:0:1 - - [21/Sep/2010:02:17:50 -0600] "GET /main.js HTTP/1.1" 200 1833
0:0:0:0:0:0:0:1 - - [21/Sep/2010:02:17:50 -0600] "GET /dom.js HTTP/1.1" 200 1049
0:0:0:0:0:0:0:1 - - [21/Sep/2010:02:17:50 -0600] "GET /favicon.ico HTTP/1.1" 200 4286
0:0:0:0:0:0:0:1 - - [21/Sep/2010:02:17:54 -0600] "GET /docs HTTP/1.1" 404 0
0:0:0:0:0:0:0:1 - - [21/Sep/2010:02:17:59 -0600] "GET /doc HTTP/1.1" 200 236
0:0:0:0:0:0:0:1 - - [21/Sep/2010:02:18:18 -0600] "GET /doc/ HTTP/1.1" 200 482
0:0:0:0:0:0:0:1 - - [21/Sep/2010:02:18:18 -0600] "GET /doc/modules-frame.html HTTP/1.1" 200 1751
0:0:0:0:0:0:0:1 - - [21/Sep/2010:02:18:18 -0600] "GET /doc/overview-summary.html HTTP/1.1" 200 1019
0:0:0:0:0:0:0:1 - - [21/Sep/2010:02:18:19 -0600] "GET /doc/erlang.png HTTP/1.1" 200 2109
0:0:0:0:0:0:0:1 - - [21/Sep/2010:02:18:19 -0600] "GET /doc/stylesheet.css HTTP/1.1" 200 895
0:0:0:0:0:0:0:1 - - [21/Sep/2010:02:20:38 -0600] "GET /doc/ HTTP/1.1" 200 482
0:0:0:0:0:0:0:1 - - [21/Sep/2010:02:20:38 -0600] "GET /doc/stylesheet.css HTTP/1.1" 200 895
0:0:0:0:0:0:0:1 - - [21/Sep/2010:02:20:39 -0600] "GET /doc/erlang.png HTTP/1.1" 200 2109
0:0:0:0:0:0:0:1 - - [21/Sep/2010:02:20:41 -0600] "GET /doc/ HTTP/1.1" 200 482
0:0:0:0:0:0:0:1 - - [21/Sep/2010:02:20:41 -0600] "GET /doc/erlang.png HTTP/1.1" 200 2109
0:0:0:0:0:0:0:1 - - [21/Sep/2010:02:20:41 -0600] "GET /doc/stylesheet.css HTTP/1.1" 200 895
0:0:0:0:0:0:0:1 - - [21/Sep/2010:02:20:41 -0600] "GET /favicon.ico HTTP/1.1" 200 4286
0:0:0:0:0:0:0:1 - - [21/Sep/2010:02:21:08 -0600] "GET /doc/ HTTP/1.1" 200 482
0:0:0:0:0:0:0:1 - - [21/Sep/2010:02:21:08 -0600] "GET /doc/stylesheet.css HTTP/1.1" 200 895
0:0:0:0:0:0:0:1 - - [21/Sep/2010:02:21:08 -0600] "GET /doc/erlang.png HTTP/1.1" 200 2109
0:0:0:0:0:0:0:1 - - [21/Sep/2010:02:21:08 -0600] "GET /favicon.ico HTTP/1.1" 200 4286
0:0:0:0:0:0:0:1 - - [21/Sep/2010:02:21:09 -0600] "GET /doc/uglymessage.html HTTP/1.1" 200 2006
0:0:0:0:0:0:0:1 - - [21/Sep/2010:02:21:10 -0600] "GET /doc/stylesheet.css HTTP/1.1" 200 895
0:0:0:0:0:0:0:1 - - [21/Sep/2010:02:21:10 -0600] "GET /doc/erlang.png HTTP/1.1" 200 2109
0:0:0:0:0:0:0:1 - - [21/Sep/2010:02:21:11 -0600] "GET /doc/ HTTP/1.1" 200 482
0:0:0:0:0:0:0:1 - - [21/Sep/2010:02:21:43 -0600] "GET /doc/ HTTP/1.1" 200 482
0:0:0:0:0:0:0:1 - - [21/Sep/2010:02:21:43 -0600] "GET /doc/stylesheet.css HTTP/1.1" 200 895
0:0:0:0:0:0:0:1 - - [21/Sep/2010:02:21:43 -0600] "GET /doc/erlang.png HTTP/1.1" 200 2109
0:0:0:0:0:0:0:1 - - [21/Sep/2010:02:21:43 -0600] "GET /favicon.ico HTTP/1.1" 200 4286
0:0:0:0:0:0:0:1 - - [21/Sep/2010:02:22:37 -0600] "GET /doc/ HTTP/1.1" 200 482
0:0:0:0:0:0:0:1 - - [21/Sep/2010:02:22:37 -0600] "GET /doc/stylesheet.css HTTP/1.1" 200 895
0:0:0:0:0:0:0:1 - - [21/Sep/2010:02:22:37 -0600] "GET /doc/erlang.png HTTP/1.1" 200 2109
0:0:0:0:0:0:0:1 - - [21/Sep/2010:02:22:37 -0600] "GET /favicon.ico HTTP/1.1" 200 4286
0:0:0:0:0:FFFF:7F00:1 - - [21/Sep/2010:02:22:46 -0600] "GET /doc/ HTTP/1.1" 200 482
0:0:0:0:0:FFFF:7F00:1 - - [21/Sep/2010:02:22:46 -0600] "GET /doc/overview-summary.html HTTP/1.1" 200 1019
0:0:0:0:0:FFFF:7F00:1 - - [21/Sep/2010:02:22:46 -0600] "GET /doc/modules-frame.html HTTP/1.1" 200 1652
0:0:0:0:0:FFFF:7F00:1 - - [21/Sep/2010:02:22:46 -0600] "GET /doc/stylesheet.css HTTP/1.1" 200 895
0:0:0:0:0:FFFF:7F00:1 - - [21/Sep/2010:02:22:46 -0600] "GET /favicon.ico HTTP/1.1" 200 4286
0:0:0:0:0:FFFF:7F00:1 - - [21/Sep/2010:02:22:46 -0600] "GET /doc/erlang.png HTTP/1.1" 200 2109
0:0:0:0:0:FFFF:7F00:1 - - [21/Sep/2010:02:25:01 -0600] "GET /edoc/ HTTP/1.1" 200 482
0:0:0:0:0:FFFF:7F00:1 - - [21/Sep/2010:02:25:01 -0600] "GET /edoc/overview-summary.html HTTP/1.1" 200 1019
0:0:0:0:0:FFFF:7F00:1 - - [21/Sep/2010:02:25:01 -0600] "GET /edoc/modules-frame.html HTTP/1.1" 200 1652
0:0:0:0:0:FFFF:7F00:1 - - [21/Sep/2010:02:25:01 -0600] "GET /edoc/stylesheet.css HTTP/1.1" 200 895
0:0:0:0:0:FFFF:7F00:1 - - [21/Sep/2010:02:25:01 -0600] "GET /edoc/stylesheet.css HTTP/1.1" 200 895
0:0:0:0:0:FFFF:7F00:1 - - [21/Sep/2010:02:25:01 -0600] "GET /edoc/erlang.png HTTP/1.1" 200 2109
0:0:0:0:0:FFFF:7F00:1 - - [21/Sep/2010:02:25:05 -0600] "GET /edoc/ HTTP/1.1" 200 482
0:0:0:0:0:FFFF:7F00:1 - - [21/Sep/2010:02:25:05 -0600] "GET /edoc/overview-summary.html HTTP/1.1" 200 1019
0:0:0:0:0:FFFF:7F00:1 - - [21/Sep/2010:02:25:05 -0600] "GET /edoc/modules-frame.html HTTP/1.1" 200 1652
0:0:0:0:0:FFFF:7F00:1 - - [21/Sep/2010:02:25:05 -0600] "GET /edoc/stylesheet.css HTTP/1.1" 200 895
0:0:0:0:0:FFFF:7F00:1 - - [21/Sep/2010:02:25:05 -0600] "GET /favicon.ico HTTP/1.1" 200 4286
0:0:0:0:0:FFFF:7F00:1 - - [21/Sep/2010:02:25:05 -0600] "GET /favicon.ico HTTP/1.1" 200 4286
0:0:0:0:0:FFFF:7F00:1 - - [21/Sep/2010:02:25:05 -0600] "GET /edoc/erlang.png HTTP/1.1" 200 2109
0:0:0:0:0:FFFF:7F00:1 - - [21/Sep/2010:02:25:16 -0600] "GET /edoc/ HTTP/1.1" 200 482
0:0:0:0:0:FFFF:7F00:1 - - [21/Sep/2010:02:25:16 -0600] "GET /edoc/modules-frame.html HTTP/1.1" 200 1652
0:0:0:0:0:FFFF:7F00:1 - - [21/Sep/2010:02:25:16 -0600] "GET /edoc/overview-summary.html HTTP/1.1" 200 1019
0:0:0:0:0:FFFF:7F00:1 - - [21/Sep/2010:02:25:16 -0600] "GET /favicon.ico HTTP/1.1" 200 4286
0:0:0:0:0:FFFF:7F00:1 - - [21/Sep/2010:02:25:16 -0600] "GET /edoc/stylesheet.css HTTP/1.1" 200 895
0:0:0:0:0:FFFF:7F00:1 - - [21/Sep/2010:02:25:16 -0600] "GET /edoc/erlang.png HTTP/1.1" 200 2109
0:0:0:0:0:FFFF:7F00:1 - - [21/Sep/2010:02:25:18 -0600] "GET /edoc/ HTTP/1.1" 200 482
0:0:0:0:0:FFFF:7F00:1 - - [21/Sep/2010:02:25:18 -0600] "GET /edoc/overview-summary.html HTTP/1.1" 200 1019
0:0:0:0:0:FFFF:7F00:1 - - [21/Sep/2010:02:25:18 -0600] "GET /edoc/modules-frame.html HTTP/1.1" 200 1652
0:0:0:0:0:FFFF:7F00:1 - - [21/Sep/2010:02:25:18 -0600] "GET /favicon.ico HTTP/1.1" 200 4286
0:0:0:0:0:FFFF:7F00:1 - - [21/Sep/2010:02:25:18 -0600] "GET /edoc/stylesheet.css HTTP/1.1" 200 895
0:0:0:0:0:FFFF:7F00:1 - - [21/Sep/2010:02:25:18 -0600] "GET /edoc/erlang.png HTTP/1.1" 200 2109
0:0:0:0:0:FFFF:7F00:1 - - [21/Sep/2010:02:25:18 -0600] "GET /edoc/ HTTP/1.1" 200 482
0:0:0:0:0:FFFF:7F00:1 - - [21/Sep/2010:02:25:18 -0600] "GET /edoc/overview-summary.html HTTP/1.1" 200 1019
0:0:0:0:0:FFFF:7F00:1 - - [21/Sep/2010:02:25:18 -0600] "GET /favicon.ico HTTP/1.1" 200 4286
0:0:0:0:0:FFFF:7F00:1 - - [21/Sep/2010:02:25:18 -0600] "GET /edoc/modules-frame.html HTTP/1.1" 200 1652
0:0:0:0:0:FFFF:7F00:1 - - [21/Sep/2010:02:25:18 -0600] "GET /edoc/stylesheet.css HTTP/1.1" 200 895
0:0:0:0:0:FFFF:7F00:1 - - [21/Sep/2010:02:25:18 -0600] "GET /edoc/erlang.png HTTP/1.1" 200 2109
0:0:0:0:0:FFFF:7F00:1 - - [21/Sep/2010:02:25:19 -0600] "GET /edoc/ HTTP/1.1" 200 482
0:0:0:0:0:FFFF:7F00:1 - - [21/Sep/2010:02:25:19 -0600] "GET /edoc/modules-frame.html HTTP/1.1" 200 1652
0:0:0:0:0:FFFF:7F00:1 - - [21/Sep/2010:02:25:19 -0600] "GET /edoc/overview-summary.html HTTP/1.1" 200 1019
0:0:0:0:0:FFFF:7F00:1 - - [21/Sep/2010:02:25:19 -0600] "GET /edoc/stylesheet.css HTTP/1.1" 200 895
0:0:0:0:0:FFFF:7F00:1 - - [21/Sep/2010:02:25:19 -0600] "GET /favicon.ico HTTP/1.1" 200 4286
0:0:0:0:0:FFFF:7F00:1 - - [21/Sep/2010:02:25:19 -0600] "GET /edoc/erlang.png HTTP/1.1" 200 2109
0:0:0:0:0:FFFF:7F00:1 - - [21/Sep/2010:02:25:19 -0600] "GET /edoc/ HTTP/1.1" 200 482
0:0:0:0:0:FFFF:7F00:1 - - [21/Sep/2010:02:25:19 -0600] "GET /edoc/overview-summary.html HTTP/1.1" 200 1019
0:0:0:0:0:FFFF:7F00:1 - - [21/Sep/2010:02:25:19 -0600] "GET /edoc/modules-frame.html HTTP/1.1" 200 1652
0:0:0:0:0:FFFF:7F00:1 - - [21/Sep/2010:02:25:19 -0600] "GET /favicon.ico HTTP/1.1" 200 4286
0:0:0:0:0:FFFF:7F00:1 - - [21/Sep/2010:02:25:19 -0600] "GET /edoc/stylesheet.css HTTP/1.1" 200 895
0:0:0:0:0:FFFF:7F00:1 - - [21/Sep/2010:02:25:19 -0600] "GET /edoc/erlang.png HTTP/1.1" 200 2109
0:0:0:0:0:FFFF:7F00:1 - - [21/Sep/2010:02:25:19 -0600] "GET /edoc/ HTTP/1.1" 200 482
0:0:0:0:0:FFFF:7F00:1 - - [21/Sep/2010:02:25:19 -0600] "GET /edoc/modules-frame.html HTTP/1.1" 200 1652
0:0:0:0:0:FFFF:7F00:1 - - [21/Sep/2010:02:25:19 -0600] "GET /edoc/overview-summary.html HTTP/1.1" 200 1019
0:0:0:0:0:FFFF:7F00:1 - - [21/Sep/2010:02:25:19 -0600] "GET /edoc/stylesheet.css HTTP/1.1" 200 895
0:0:0:0:0:FFFF:7F00:1 - - [21/Sep/2010:02:25:19 -0600] "GET /favicon.ico HTTP/1.1" 200 4286
0:0:0:0:0:FFFF:7F00:1 - - [21/Sep/2010:02:25:19 -0600] "GET /edoc/erlang.png HTTP/1.1" 200 2109
0:0:0:0:0:FFFF:7F00:1 - - [21/Sep/2010:02:25:19 -0600] "GET /favicon.ico HTTP/1.1" 200 4286
0:0:0:0:0:FFFF:7F00:1 - - [21/Sep/2010:02:25:19 -0600] "GET /edoc/ HTTP/1.1" 200 482
0:0:0:0:0:FFFF:7F00:1 - - [21/Sep/2010:02:25:19 -0600] "GET /edoc/modules-frame.html HTTP/1.1" 200 1652
0:0:0:0:0:FFFF:7F00:1 - - [21/Sep/2010:02:25:19 -0600] "GET /edoc/overview-summary.html HTTP/1.1" 200 1019
0:0:0:0:0:FFFF:7F00:1 - - [21/Sep/2010:02:25:19 -0600] "GET /edoc/stylesheet.css HTTP/1.1" 200 895
0:0:0:0:0:FFFF:7F00:1 - - [21/Sep/2010:02:25:19 -0600] "GET /favicon.ico HTTP/1.1" 200 4286
0:0:0:0:0:FFFF:7F00:1 - - [21/Sep/2010:02:25:19 -0600] "GET /edoc/erlang.png HTTP/1.1" 200 2109
0:0:0:0:0:FFFF:7F00:1 - - [21/Sep/2010:02:25:19 -0600] "GET /edoc/ HTTP/1.1" 200 482
0:0:0:0:0:FFFF:7F00:1 - - [21/Sep/2010:02:25:19 -0600] "GET /edoc/overview-summary.html HTTP/1.1" 200 1019
0:0:0:0:0:FFFF:7F00:1 - - [21/Sep/2010:02:25:19 -0600] "GET /edoc/modules-frame.html HTTP/1.1" 200 1652
0:0:0:0:0:FFFF:7F00:1 - - [21/Sep/2010:02:25:19 -0600] "GET /edoc/stylesheet.css HTTP/1.1" 200 895
0:0:0:0:0:FFFF:7F00:1 - - [21/Sep/2010:02:25:19 -0600] "GET /favicon.ico HTTP/1.1" 200 4286
0:0:0:0:0:FFFF:7F00:1 - - [21/Sep/2010:02:25:19 -0600] "GET /edoc/erlang.png HTTP/1.1" 200 2109
0:0:0:0:0:FFFF:7F00:1 - - [21/Sep/2010:02:25:19 -0600] "GET /edoc/ HTTP/1.1" 200 482
0:0:0:0:0:FFFF:7F00:1 - - [21/Sep/2010:02:25:19 -0600] "GET /edoc/overview-summary.html HTTP/1.1" 200 1019
0:0:0:0:0:FFFF:7F00:1 - - [21/Sep/2010:02:25:19 -0600] "GET /edoc/modules-frame.html HTTP/1.1" 200 1652
0:0:0:0:0:FFFF:7F00:1 - - [21/Sep/2010:02:25:19 -0600] "GET /favicon.ico HTTP/1.1" 200 4286
0:0:0:0:0:FFFF:7F00:1 - - [21/Sep/2010:02:25:19 -0600] "GET /edoc/stylesheet.css HTTP/1.1" 200 895
0:0:0:0:0:FFFF:7F00:1 - - [21/Sep/2010:02:25:19 -0600] "GET /edoc/erlang.png HTTP/1.1" 200 2109
0:0:0:0:0:FFFF:7F00:1 - - [21/Sep/2010:02:25:19 -0600] "GET /edoc/ HTTP/1.1" 200 482
0:0:0:0:0:FFFF:7F00:1 - - [21/Sep/2010:02:25:19 -0600] "GET /edoc/overview-summary.html HTTP/1.1" 200 1019
0:0:0:0:0:FFFF:7F00:1 - - [21/Sep/2010:02:25:19 -0600] "GET /edoc/modules-frame.html HTTP/1.1" 200 1652
0:0:0:0:0:FFFF:7F00:1 - - [21/Sep/2010:02:25:20 -0600] "GET /edoc/stylesheet.css HTTP/1.1" 200 895
0:0:0:0:0:FFFF:7F00:1 - - [21/Sep/2010:02:25:20 -0600] "GET /favicon.ico HTTP/1.1" 200 4286
0:0:0:0:0:FFFF:7F00:1 - - [21/Sep/2010:02:25:20 -0600] "GET /edoc/erlang.png HTTP/1.1" 200 2109
0:0:0:0:0:FFFF:7F00:1 - - [21/Sep/2010:02:25:20 -0600] "GET /edoc/ HTTP/1.1" 200 482
0:0:0:0:0:FFFF:7F00:1 - - [21/Sep/2010:02:25:20 -0600] "GET /edoc/modules-frame.html HTTP/1.1" 200 1652
0:0:0:0:0:FFFF:7F00:1 - - [21/Sep/2010:02:25:20 -0600] "GET /edoc/overview-summary.html HTTP/1.1" 200 1019
0:0:0:0:0:FFFF:7F00:1 - - [21/Sep/2010:02:25:20 -0600] "GET /favicon.ico HTTP/1.1" 200 4286
0:0:0:0:0:FFFF:7F00:1 - - [21/Sep/2010:02:25:20 -0600] "GET /edoc/stylesheet.css HTTP/1.1" 200 895
0:0:0:0:0:FFFF:7F00:1 - - [21/Sep/2010:02:25:20 -0600] "GET /edoc/erlang.png HTTP/1.1" 200 2109
0:0:0:0:0:0:0:1 - - [21/Sep/2010:02:25:39 -0600] "GET /edoc/ HTTP/1.1" 200 482
0:0:0:0:0:0:0:1 - - [21/Sep/2010:02:25:39 -0600] "GET /edoc/overview-summary.html HTTP/1.1" 200 1019
0:0:0:0:0:0:0:1 - - [21/Sep/2010:02:25:39 -0600] "GET /edoc/modules-frame.html HTTP/1.1" 200 1652
0:0:0:0:0:0:0:1 - - [21/Sep/2010:02:25:39 -0600] "GET /edoc/stylesheet.css HTTP/1.1" 200 895
0:0:0:0:0:0:0:1 - - [21/Sep/2010:02:25:39 -0600] "GET /edoc/erlang.png HTTP/1.1" 200 2109
0:0:0:0:0:0:0:1 - - [21/Sep/2010:02:25:39 -0600] "GET /favicon.ico HTTP/1.1" 200 4286
0:0:0:0:0:FFFF:7F00:1 - - [21/Sep/2010:02:27:16 -0600] "GET /edoc/ HTTP/1.1" 200 371
0:0:0:0:0:FFFF:7F00:1 - - [21/Sep/2010:02:27:18 -0600] "GET /edoc/modules-frame.html HTTP/1.1" 200 371
0:0:0:0:0:FFFF:7F00:1 - - [21/Sep/2010:02:27:18 -0600] "GET /edoc/overview-summary.html HTTP/1.1" 200 371
0:0:0:0:0:FFFF:7F00:1 - - [21/Sep/2010:02:27:18 -0600] "GET /favicon.ico HTTP/1.1" 200 4286
0:0:0:0:0:FFFF:7F00:1 - - [21/Sep/2010:02:27:20 -0600] "GET /edoc/stylesheet.css HTTP/1.1" 200 371
0:0:0:0:0:FFFF:7F00:1 - - [21/Sep/2010:02:27:20 -0600] "GET /edoc/erlang.png HTTP/1.1" 200 371
0:0:0:0:0:FFFF:7F00:1 - - [21/Sep/2010:02:27:21 -0600] "GET /edoc/stylesheet.css HTTP/1.1" 200 371
0:0:0:0:0:FFFF:AE7C:87B7 - - [21/Sep/2010:02:27:48 -0600] "GET /edoc/ HTTP/1.1" 200 371
0:0:0:0:0:FFFF:AE7C:87B7 - JohnathanFowler [21/Sep/2010:02:27:57 -0600] "GET /edoc/ HTTP/1.1" 200 482
0:0:0:0:0:FFFF:AE7C:87B7 - JohnathanFowler [21/Sep/2010:02:27:58 -0600] "GET /edoc/modules-frame.html HTTP/1.1" 200 1652
0:0:0:0:0:FFFF:AE7C:87B7 - JohnathanFowler [21/Sep/2010:02:27:58 -0600] "GET /edoc/overview-summary.html HTTP/1.1" 200 1019
0:0:0:0:0:FFFF:AE7C:87B7 - JohnathanFowler [21/Sep/2010:02:27:58 -0600] "GET /edoc/stylesheet.css HTTP/1.1" 200 895
0:0:0:0:0:FFFF:AE7C:87B7 - JohnathanFowler [21/Sep/2010:02:27:58 -0600] "GET /edoc/erlang.png HTTP/1.1" 200 2109
0:0:0:0:0:FFFF:AE7C:87B7 - - [21/Sep/2010:02:27:59 -0600] "GET /favicon.ico HTTP/1.1" 200 4286
0:0:0:0:0:FFFF:AE7C:87B7 - JohnathanFowler [21/Sep/2010:02:28:07 -0600] "GET /edoc/json.html HTTP/1.1" 200 18696
0:0:0:0:0:FFFF:7F00:1 - - [21/Sep/2010:02:28:23 -0600] "GET /edoc/ HTTP/1.1" 200 371
0:0:0:0:0:FFFF:7F00:1 - dev [21/Sep/2010:02:28:29 -0600] "GET /edoc/ HTTP/1.1" 200 482
0:0:0:0:0:FFFF:7F00:1 - dev [21/Sep/2010:02:28:29 -0600] "GET /edoc/modules-frame.html HTTP/1.1" 200 1652
0:0:0:0:0:FFFF:7F00:1 - dev [21/Sep/2010:02:28:29 -0600] "GET /edoc/overview-summary.html HTTP/1.1" 200 1019
0:0:0:0:0:FFFF:7F00:1 - dev [21/Sep/2010:02:28:29 -0600] "GET /edoc/stylesheet.css HTTP/1.1" 200 895
0:0:0:0:0:FFFF:7F00:1 - - [21/Sep/2010:02:28:29 -0600] "GET /favicon.ico HTTP/1.1" 200 4286
0:0:0:0:0:FFFF:7F00:1 - dev [21/Sep/2010:02:28:29 -0600] "GET /edoc/erlang.png HTTP/1.1" 200 2109
0:0:0:0:0:FFFF:AE7C:87B7 - JohnathanFowler [21/Sep/2010:02:28:45 -0600] "GET /edoc/zen_irc.html HTTP/1.1" 200 3833
0:0:0:0:0:FFFF:AE7C:87B7 - JohnathanFowler [21/Sep/2010:02:28:45 -0600] "GET /edoc/stylesheet.css HTTP/1.1" 200 895
0:0:0:0:0:FFFF:AE7C:87B7 - JohnathanFowler [21/Sep/2010:02:28:45 -0600] "GET /edoc/erlang.png HTTP/1.1" 200 2109
0:0:0:0:0:FFFF:AE7C:87B7 - JohnathanFowler [21/Sep/2010:02:29:12 -0600] "GET /edoc/zen_mod_websocket.html HTTP/1.1" 200 2387
0:0:0:0:0:FFFF:AE7C:87B7 - JohnathanFowler [21/Sep/2010:02:29:21 -0600] "GET /edoc/vre_protocol.html HTTP/1.1" 200 1303
0:0:0:0:0:FFFF:AE7C:87B7 - JohnathanFowler [21/Sep/2010:02:29:29 -0600] "GET /edoc/user_default.html HTTP/1.1" 200 3294
0:0:0:0:0:FFFF:AE7C:87B7 - JohnathanFowler [21/Sep/2010:02:29:30 -0600] "GET /edoc/stylesheet.css HTTP/1.1" 200 895
0:0:0:0:0:FFFF:AE7C:87B7 - JohnathanFowler [21/Sep/2010:02:29:30 -0600] "GET /edoc/erlang.png HTTP/1.1" 200 2109
0:0:0:0:0:FFFF:AE7C:87B7 - JohnathanFowler [21/Sep/2010:02:29:41 -0600] "GET /edoc/zen_sup.html HTTP/1.1" 200 2059
0:0:0:0:0:FFFF:AE7C:87B7 - JohnathanFowler [21/Sep/2010:02:29:47 -0600] "GET /edoc/zen_web.html HTTP/1.1" 200 2808
0:0:0:0:0:FFFF:7F00:1 - dev [21/Sep/2010:02:29:51 -0600] "GET /edoc/zen_client.html HTTP/1.1" 200 2222
0:0:0:0:0:FFFF:7F00:1 - dev [21/Sep/2010:02:29:51 -0600] "GET /edoc/stylesheet.css HTTP/1.1" 200 895
0:0:0:0:0:FFFF:7F00:1 - dev [21/Sep/2010:02:29:51 -0600] "GET /edoc/erlang.png HTTP/1.1" 200 2109
0:0:0:0:0:FFFF:AE7C:87B7 - JohnathanFowler [21/Sep/2010:02:30:08 -0600] "GET /edoc/zen_irc_sup.html HTTP/1.1" 200 2067
0:0:0:0:0:FFFF:AE7C:87B7 - JohnathanFowler [21/Sep/2010:02:30:12 -0600] "GET /edoc/zen_data.html HTTP/1.1" 200 4122
0:0:0:0:0:FFFF:AE7C:87B7 - JohnathanFowler [21/Sep/2010:02:30:16 -0600] "GET /edoc/zen_client.html HTTP/1.1" 200 2222
0:0:0:0:0:FFFF:AE7C:87B7 - JohnathanFowler [21/Sep/2010:02:30:43 -0600] "GET /edoc/zen_app.html HTTP/1.1" 200 2059
0:0:0:0:0:FFFF:AE7C:87B7 - JohnathanFowler [21/Sep/2010:02:30:43 -0600] "GET /edoc/stylesheet.css HTTP/1.1" 200 895
0:0:0:0:0:FFFF:AE7C:87B7 - JohnathanFowler [21/Sep/2010:02:30:43 -0600] "GET /edoc/erlang.png HTTP/1.1" 200 2109
0:0:0:0:0:FFFF:AE7C:87B7 - JohnathanFowler [21/Sep/2010:02:30:50 -0600] "GET /edoc/zen.html HTTP/1.1" 200 2948
0:0:0:0:0:FFFF:AE7C:87B7 - JohnathanFowler [21/Sep/2010:02:31:39 -0600] "GET /edoc/huma_db.html HTTP/1.1" 200 2700
0:0:0:0:0:FFFF:AE7C:87B7 - JohnathanFowler [21/Sep/2010:02:31:39 -0600] "GET /edoc/stylesheet.css HTTP/1.1" 200 895
0:0:0:0:0:FFFF:AE7C:87B7 - JohnathanFowler [21/Sep/2010:02:31:39 -0600] "GET /edoc/erlang.png HTTP/1.1" 200 2109
0:0:0:0:0:FFFF:7F00:1 - dev [21/Sep/2010:02:32:21 -0600] "GET /edoc/huma_db.html HTTP/1.1" 200 2700
0:0:0:0:0:FFFF:7F00:1 - dev [21/Sep/2010:02:32:21 -0600] "GET /edoc/stylesheet.css HTTP/1.1" 200 895
0:0:0:0:0:FFFF:7F00:1 - dev [21/Sep/2010:02:32:21 -0600] "GET /edoc/erlang.png HTTP/1.1" 200 2109
0:0:0:0:0:FFFF:7F00:1 - dev [21/Sep/2010:02:32:22 -0600] "GET /edoc/json.html HTTP/1.1" 200 18696
0:0:0:0:0:FFFF:7F00:1 - dev [21/Sep/2010:02:32:22 -0600] "GET /edoc/stylesheet.css HTTP/1.1" 200 895
0:0:0:0:0:FFFF:7F00:1 - dev [21/Sep/2010:02:32:22 -0600] "GET /edoc/erlang.png HTTP/1.1" 200 2109
0:0:0:0:0:FFFF:7F00:1 - dev [21/Sep/2010:02:32:32 -0600] "GET /edoc/huma_db.html HTTP/1.1" 200 2700
0:0:0:0:0:FFFF:7F00:1 - dev [21/Sep/2010:02:32:32 -0600] "GET /edoc/stylesheet.css HTTP/1.1" 200 895
0:0:0:0:0:FFFF:7F00:1 - dev [21/Sep/2010:02:32:32 -0600] "GET /edoc/erlang.png HTTP/1.1" 200 2109
0:0:0:0:0:FFFF:AE7C:87B7 - JohnathanFowler [21/Sep/2010:02:32:46 -0600] "GET /edoc/zen_tcp.html HTTP/1.1" 200 4143
0:0:0:0:0:FFFF:AE7C:87B7 - JohnathanFowler [21/Sep/2010:02:32:46 -0600] "GET /edoc/stylesheet.css HTTP/1.1" 200 895
0:0:0:0:0:FFFF:AE7C:87B7 - JohnathanFowler [21/Sep/2010:02:32:46 -0600] "GET /edoc/erlang.png HTTP/1.1" 200 2109
0:0:0:0:0:0:0:1 - - [21/Sep/2010:02:33:46 -0600] "GET /edoc/ HTTP/1.1" 200 371
0:0:0:0:0:0:0:1 - dev [21/Sep/2010:02:33:50 -0600] "GET /edoc/ HTTP/1.1" 200 482
0:0:0:0:0:0:0:1 - dev [21/Sep/2010:02:33:50 -0600] "GET /edoc/modules-frame.html HTTP/1.1" 200 1652
0:0:0:0:0:0:0:1 - dev [21/Sep/2010:02:33:50 -0600] "GET /edoc/overview-summary.html HTTP/1.1" 200 1019
0:0:0:0:0:0:0:1 - dev [21/Sep/2010:02:33:50 -0600] "GET /edoc/stylesheet.css HTTP/1.1" 200 895
0:0:0:0:0:0:0:1 - dev [21/Sep/2010:02:33:50 -0600] "GET /edoc/erlang.png HTTP/1.1" 200 2109
0:0:0:0:0:0:0:1 - dev [21/Sep/2010:02:33:51 -0600] "GET /edoc/huma_db.html HTTP/1.1" 200 2761
0:0:0:0:0:0:0:1 - dev [21/Sep/2010:02:33:51 -0600] "GET /edoc/stylesheet.css HTTP/1.1" 200 895
0:0:0:0:0:0:0:1 - dev [21/Sep/2010:02:33:51 -0600] "GET /edoc/erlang.png HTTP/1.1" 200 2109
0:0:0:0:0:FFFF:5F4C:4751 - - [21/Sep/2010:02:33:58 -0600] "GET /edoc/ HTTP/1.1" 200 371
0:0:0:0:0:FFFF:5F4C:4751 - - [21/Sep/2010:02:34:02 -0600] "GET /favicon.ico HTTP/1.1" 200 4286
0:0:0:0:0:FFFF:5F4C:4751 - - [21/Sep/2010:02:34:02 -0600] "GET /favicon.ico HTTP/1.1" 200 4286
0:0:0:0:0:FFFF:AE7C:87B7 - JohnathanFowler [21/Sep/2010:02:34:06 -0600] "GET /edoc/ HTTP/1.1" 200 482
0:0:0:0:0:FFFF:AE7C:87B7 - JohnathanFowler [21/Sep/2010:02:34:06 -0600] "GET /edoc/modules-frame.html HTTP/1.1" 200 1652
0:0:0:0:0:FFFF:AE7C:87B7 - JohnathanFowler [21/Sep/2010:02:34:06 -0600] "GET /edoc/zen_tcp.html HTTP/1.1" 200 4143
0:0:0:0:0:FFFF:AE7C:87B7 - JohnathanFowler [21/Sep/2010:02:34:06 -0600] "GET /edoc/stylesheet.css HTTP/1.1" 200 895
0:0:0:0:0:FFFF:AE7C:87B7 - JohnathanFowler [21/Sep/2010:02:34:06 -0600] "GET /edoc/erlang.png HTTP/1.1" 200 2109
0:0:0:0:0:FFFF:AE7C:87B7 - JohnathanFowler [21/Sep/2010:02:34:07 -0600] "GET /edoc/stylesheet.css HTTP/1.1" 200 895
0:0:0:0:0:FFFF:AE7C:87B7 - JohnathanFowler [21/Sep/2010:02:34:09 -0600] "GET /edoc/huma_db.html HTTP/1.1" 200 2761
0:0:0:0:0:FFFF:AE7C:87B7 - JohnathanFowler [21/Sep/2010:02:34:09 -0600] "GET /edoc/stylesheet.css HTTP/1.1" 200 895
0:0:0:0:0:FFFF:AE7C:87B7 - JohnathanFowler [21/Sep/2010:02:34:09 -0600] "GET /edoc/erlang.png HTTP/1.1" 200 2109
0:0:0:0:0:0:0:1 - dev [21/Sep/2010:02:34:23 -0600] "GET /edoc/zen_mod_websocket.html HTTP/1.1" 200 2387
0:0:0:0:0:0:0:1 - dev [21/Sep/2010:02:34:23 -0600] "GET /edoc/stylesheet.css HTTP/1.1" 200 895
0:0:0:0:0:0:0:1 - dev [21/Sep/2010:02:34:23 -0600] "GET /edoc/erlang.png HTTP/1.1" 200 2109
0:0:0:0:0:0:0:1 - dev [21/Sep/2010:02:36:59 -0600] "GET /edoc/zen_mod_websocket.html HTTP/1.1" 200 2387
0:0:0:0:0:0:0:1 - dev [21/Sep/2010:02:36:59 -0600] "GET /edoc/erlang.png HTTP/1.1" 200 2109
0:0:0:0:0:0:0:1 - dev [21/Sep/2010:02:36:59 -0600] "GET /edoc/stylesheet.css HTTP/1.1" 200 895
0:0:0:0:0:0:0:1 - dev [21/Sep/2010:02:37:01 -0600] "GET /edoc/zen_app.html HTTP/1.1" 200 2059
0:0:0:0:0:0:0:1 - dev [21/Sep/2010:02:37:01 -0600] "GET /edoc/stylesheet.css HTTP/1.1" 200 895
0:0:0:0:0:0:0:1 - dev [21/Sep/2010:02:37:01 -0600] "GET /edoc/erlang.png HTTP/1.1" 200 2109
0:0:0:0:0:0:0:1 - dev [21/Sep/2010:02:37:03 -0600] "GET /edoc/zen.html HTTP/1.1" 200 2948
0:0:0:0:0:0:0:1 - dev [21/Sep/2010:02:37:03 -0600] "GET /edoc/stylesheet.css HTTP/1.1" 200 895
0:0:0:0:0:0:0:1 - dev [21/Sep/2010:02:37:03 -0600] "GET /edoc/erlang.png HTTP/1.1" 200 2109
0:0:0:0:0:0:0:1 - dev [21/Sep/2010:02:37:16 -0600] "GET /edoc/zen_irc_sup.html HTTP/1.1" 200 2067
0:0:0:0:0:0:0:1 - dev [21/Sep/2010:02:37:16 -0600] "GET /edoc/erlang.png HTTP/1.1" 200 2109
0:0:0:0:0:0:0:1 - dev [21/Sep/2010:02:37:16 -0600] "GET /edoc/stylesheet.css HTTP/1.1" 200 895
0:0:0:0:0:0:0:1 - dev [21/Sep/2010:02:37:17 -0600] "GET /edoc/zen_irc.html HTTP/1.1" 200 3833
0:0:0:0:0:0:0:1 - dev [21/Sep/2010:02:37:17 -0600] "GET /edoc/stylesheet.css HTTP/1.1" 200 895
0:0:0:0:0:0:0:1 - dev [21/Sep/2010:02:37:17 -0600] "GET /edoc/erlang.png HTTP/1.1" 200 2109
0:0:0:0:0:0:0:1 - dev [21/Sep/2010:02:37:23 -0600] "GET /edoc/zen_sup.html HTTP/1.1" 200 2059
0:0:0:0:0:0:0:1 - dev [21/Sep/2010:02:37:23 -0600] "GET /edoc/erlang.png HTTP/1.1" 200 2109
0:0:0:0:0:0:0:1 - dev [21/Sep/2010:02:37:23 -0600] "GET /edoc/stylesheet.css HTTP/1.1" 200 895
0:0:0:0:0:0:0:1 - dev [21/Sep/2010:02:37:27 -0600] "GET /edoc/zen_tcp.html HTTP/1.1" 200 4143
0:0:0:0:0:0:0:1 - dev [21/Sep/2010:02:37:27 -0600] "GET /edoc/stylesheet.css HTTP/1.1" 200 895
0:0:0:0:0:0:0:1 - dev [21/Sep/2010:02:37:27 -0600] "GET /edoc/erlang.png HTTP/1.1" 200 2109
0:0:0:0:0:0:0:1 - dev [21/Sep/2010:02:37:46 -0600] "GET /edoc/gen_server.html HTTP/1.1" 404 0
0:0:0:0:0:0:0:1 - dev [21/Sep/2010:02:37:49 -0600] "GET /edoc/zen_tcp.html HTTP/1.1" 200 4143
0:0:0:0:0:0:0:1 - dev [21/Sep/2010:02:37:49 -0600] "GET /edoc/stylesheet.css HTTP/1.1" 200 895
0:0:0:0:0:0:0:1 - dev [21/Sep/2010:02:37:49 -0600] "GET /edoc/erlang.png HTTP/1.1" 200 2109
0:0:0:0:0:0:0:1 - dev [21/Sep/2010:02:37:52 -0600] "GET /edoc/zen_web.html HTTP/1.1" 200 2808
0:0:0:0:0:0:0:1 - dev [21/Sep/2010:02:37:52 -0600] "GET /edoc/stylesheet.css HTTP/1.1" 200 895
0:0:0:0:0:0:0:1 - dev [21/Sep/2010:02:37:52 -0600] "GET /edoc/erlang.png HTTP/1.1" 200 2109
0:0:0:0:0:0:0:1 - dev [21/Sep/2010:02:37:56 -0600] "GET /edoc/stylesheet.css HTTP/1.1" 200 895
0:0:0:0:0:0:0:1 - dev [21/Sep/2010:02:37:56 -0600] "GET /edoc/erlang.png HTTP/1.1" 200 2109
0:0:0:0:0:0:0:1 - dev [21/Sep/2010:02:37:56 -0600] "GET /edoc/zen_sup.html HTTP/1.1" 200 2059
0:0:0:0:0:0:0:1 - dev [21/Sep/2010:02:37:57 -0600] "GET /edoc/stylesheet.css HTTP/1.1" 200 895
0:0:0:0:0:0:0:1 - dev [21/Sep/2010:02:37:57 -0600] "GET /edoc/erlang.png HTTP/1.1" 200 2109
0:0:0:0:0:0:0:1 - dev [21/Sep/2010:02:37:58 -0600] "GET /edoc/zen_irc.html HTTP/1.1" 200 3833
0:0:0:0:0:0:0:1 - dev [21/Sep/2010:02:37:58 -0600] "GET /edoc/stylesheet.css HTTP/1.1" 200 895
0:0:0:0:0:0:0:1 - dev [21/Sep/2010:02:37:58 -0600] "GET /edoc/erlang.png HTTP/1.1" 200 2109
0:0:0:0:0:0:0:1 - dev [21/Sep/2010:02:38:00 -0600] "GET /edoc/zen_irc_sup.html HTTP/1.1" 200 2067
0:0:0:0:0:0:0:1 - dev [21/Sep/2010:02:38:00 -0600] "GET /edoc/stylesheet.css HTTP/1.1" 200 895
0:0:0:0:0:0:0:1 - dev [21/Sep/2010:02:38:00 -0600] "GET /edoc/erlang.png HTTP/1.1" 200 2109
0:0:0:0:0:0:0:1 - dev [21/Sep/2010:02:38:57 -0600] "GET /edoc/zen_data.html HTTP/1.1" 200 4122
0:0:0:0:0:0:0:1 - dev [21/Sep/2010:02:38:57 -0600] "GET /edoc/stylesheet.css HTTP/1.1" 200 895
0:0:0:0:0:0:0:1 - dev [21/Sep/2010:02:38:57 -0600] "GET /edoc/erlang.png HTTP/1.1" 200 2109
0:0:0:0:0:0:0:1 - dev [21/Sep/2010:02:39:02 -0600] "GET /edoc/zen_client.html HTTP/1.1" 200 2222
0:0:0:0:0:0:0:1 - dev [21/Sep/2010:02:39:03 -0600] "GET /edoc/stylesheet.css HTTP/1.1" 200 895
0:0:0:0:0:0:0:1 - dev [21/Sep/2010:02:39:03 -0600] "GET /edoc/erlang.png HTTP/1.1" 200 2109
